<?xml version="1.0" encoding="UTF-8"?>
<!-- Generated by org.testng.reporters.JUnitReportReporter -->
<testsuite skipped="4" hostname="DESKTOP-PN0RVR2" name="sel1.ListenerUseTest" tests="6" failures="1" timestamp="2021-06-29T12:57:54 IST" time="7.236" errors="0">
  <testcase name="OpenBrowser" time="0.688" classname="sel1.ListenerUseTest">
    <failure type="java.lang.AssertionError" message="expected [Googleadasdasdas] but found [Google]">
      <![CDATA[java.lang.AssertionError: expected [Googleadasdasdas] but found [Google]
at org.testng.Assert.fail(Assert.java:99)
at org.testng.Assert.failNotEquals(Assert.java:1037)
at org.testng.Assert.assertEqualsImpl(Assert.java:140)
at org.testng.Assert.assertEquals(Assert.java:122)
at org.testng.Assert.assertEquals(Assert.java:629)
at org.testng.Assert.assertEquals(Assert.java:639)
at sel1.ListenerUseTest.OpenBrowser(ListenerUseTest.java:31)
at sun.reflect.NativeMethodAccessorImpl.invoke0(Native Method)
at sun.reflect.NativeMethodAccessorImpl.invoke(NativeMethodAccessorImpl.java:62)
at sun.reflect.DelegatingMethodAccessorImpl.invoke(DelegatingMethodAccessorImpl.java:43)
at java.lang.reflect.Method.invoke(Method.java:498)
at org.testng.internal.MethodInvocationHelper.invokeMethod(MethodInvocationHelper.java:132)
at org.testng.internal.TestInvoker.invokeMethod(TestInvoker.java:599)
at org.testng.internal.TestInvoker.retryFailed(TestInvoker.java:214)
at org.testng.internal.MethodRunner.runInSequence(MethodRunner.java:58)
at org.testng.internal.TestInvoker$MethodInvocationAgent.invoke(TestInvoker.java:822)
at org.testng.internal.TestInvoker.invokeTestMethods(TestInvoker.java:147)
at org.testng.internal.TestMethodWorker.invokeTestMethods(TestMethodWorker.java:146)
at org.testng.internal.TestMethodWorker.run(TestMethodWorker.java:128)
at java.util.ArrayList.forEach(ArrayList.java:1257)
at org.testng.TestRunner.privateRun(TestRunner.java:764)
at org.testng.TestRunner.run(TestRunner.java:585)
at org.testng.SuiteRunner.runTest(SuiteRunner.java:384)
at org.testng.SuiteRunner.runSequentially(SuiteRunner.java:378)
at org.testng.SuiteRunner.privateRun(SuiteRunner.java:337)
at org.testng.SuiteRunner.run(SuiteRunner.java:286)
at org.testng.SuiteRunnerWorker.runSuite(SuiteRunnerWorker.java:53)
at org.testng.SuiteRunnerWorker.run(SuiteRunnerWorker.java:96)
at org.testng.TestNG.runSuitesSequentially(TestNG.java:1218)
at org.testng.TestNG.runSuitesLocally(TestNG.java:1140)
at org.testng.TestNG.runSuites(TestNG.java:1069)
at org.testng.TestNG.run(TestNG.java:1037)
at org.testng.remote.AbstractRemoteTestNG.run(AbstractRemoteTestNG.java:115)
at org.testng.remote.RemoteTestNG.initAndRun(RemoteTestNG.java:251)
at org.testng.remote.RemoteTestNG.main(RemoteTestNG.java:77)
]]>
    </failure>
  </testcase> <!-- OpenBrowser -->
  <system-out/>
  <testcase name="OpenBrowser" time="0.972" classname="sel1.ListenerUseTest">
    <skipped/>
  </testcase> <!-- OpenBrowser -->
  <system-out/>
  <testcase name="OpenBrowser" time="0.670" classname="sel1.ListenerUseTest">
    <skipped/>
  </testcase> <!-- OpenBrowser -->
  <system-out/>
  <testcase name="OpenBrowser" time="2.259" classname="sel1.ListenerUseTest">
    <skipped/>
  </testcase> <!-- OpenBrowser -->
  <system-out/>
  <testcase name="CloseBrowser" time="2.646" classname="sel1.ListenerUseTest"/>
  <system-out>
Driver Closed After Testing  </system-out>
  <testcase name="SkipTest" time="0.001" classname="sel1.ListenerUseTest">
    <skipped/>
  </testcase> <!-- SkipTest -->
  <system-out/>
</testsuite> <!-- sel1.ListenerUseTest -->
